[2020-09-16 11:55:18,731]  WARN {cps.config_sql:297} Log path None not valid, falling back to default
[2020-09-16 11:55:20,350]  INFO {cps:98} Starting Calibre Web...
[2020-09-16 11:55:20,380]  WARN {cps.config_sql:324} invalidating configuration
[2020-09-16 11:55:20,518]  INFO {cps.server:156} Starting Tornado server on :8083
[2020-09-16 12:48:12,560]  INFO {cps.server:207} webserver stop (restart=False)
[2020-09-16 12:48:12,619]  INFO {cps.server:207} webserver stop (restart=False)
[2020-09-16 12:48:12,625]  INFO {cps.server:184} Performing shutdown of Calibre-Web
[2020-09-18 16:37:48,407]  INFO {cps:98} Starting Calibre Web...
[2020-09-18 16:37:48,411]  WARN {cps.config_sql:324} invalidating configuration
[2020-09-18 16:37:48,557]  INFO {cps.server:156} Starting Tornado server on :8083
[2020-09-18 17:59:50,814]  INFO {cps.server:207} webserver stop (restart=False)
[2020-09-18 17:59:50,797]  INFO {cps.server:207} webserver stop (restart=False)
[2020-09-18 17:59:50,825]  INFO {cps.server:207} webserver stop (restart=False)
[2020-09-18 17:59:50,834]  INFO {cps.server:184} Performing shutdown of Calibre-Web
[2020-09-23 16:22:57,581]  INFO {cps:98} Starting Calibre Web...
[2020-09-23 16:22:57,585]  WARN {cps.config_sql:324} invalidating configuration
[2020-09-23 16:22:57,811]  INFO {cps.server:156} Starting Tornado server on :8083
[2020-09-23 20:04:12,343]  INFO {cps.server:207} webserver stop (restart=False)
[2020-09-23 20:04:12,483]  INFO {cps.server:207} webserver stop (restart=False)
[2020-09-23 20:04:12,493]  INFO {cps.server:184} Performing shutdown of Calibre-Web
[2020-09-24 15:04:58,737]  INFO {cps:98} Starting Calibre Web...
[2020-09-24 15:04:58,741]  WARN {cps.config_sql:324} invalidating configuration
[2020-09-24 15:04:58,860]  INFO {cps.server:156} Starting Tornado server on :8083
